<?xml version="1.0" encoding="UTF-8"?>
<testsuite name="com.fullcycle.admin.catalogo.infrastructure.MainTest" tests="1" skipped="0" failures="0" errors="0" timestamp="2023-09-21T16:08:50" hostname="FALCAOF14" time="0.016">
  <properties/>
  <testcase name="testMain()" classname="com.fullcycle.admin.catalogo.infrastructure.MainTest" time="0.016"/>
  <system-out><![CDATA[Hello world!
com.fullcycle.admin.catalogo.domain.Category@1b1cfb87
]]></system-out>
  <system-err><![CDATA[]]></system-err>
</testsuite>
