<?xml version="1.0" encoding="UTF-8"?>
<testsuite name="com.fullcycle.admin.catalogo.domain.category.CategoryTest" tests="1" skipped="0" failures="0" errors="0" timestamp="2023-09-22T03:50:51" hostname="FALCAOF14" time="0.022">
  <properties/>
  <testcase name="givenAInvalidNullName_whenCallNewCategoryAndValidate_thenShouldReceiveError()" classname="com.fullcycle.admin.catalogo.domain.category.CategoryTest" time="0.022"/>
  <system-out><![CDATA[]]></system-out>
  <system-err><![CDATA[]]></system-err>
</testsuite>
